<?xml version="1.0" encoding="UTF-8"?>
<!-- Generated by org.testng.reporters.JUnitReportReporter -->
<testsuite name="qsp.Demo1" tests="1" time="0.023" ignored="0" failures="0" timestamp="19 Mar 2017 10:36:50 GMT" skipped="0" hostname="Vijay" errors="0">
  <testcase name="LogDemo" time="0.023" classname="qsp.Demo1"/>
</testsuite> <!-- qsp.Demo1 -->
