<?xml version="1.0" encoding="UTF-8"?>
<!-- Generated by org.testng.reporters.JUnitReportReporter -->
<testsuite name="qsp.Demo4" tests="1" time="0.017" ignored="0" failures="0" timestamp="19 Mar 2017 09:18:47 GMT" skipped="0" hostname="Vijay" errors="0">
  <testcase name="m2" time="0.017" classname="qsp.Demo4"/>
</testsuite> <!-- qsp.Demo4 -->
