<?xml version="1.0" encoding="UTF-8"?>
<!-- Generated by org.testng.reporters.JUnitReportReporter -->
<testsuite name="qsp.Demo3" tests="1" time="0.015" ignored="0" failures="0" timestamp="02 Apr 2017 16:09:01 GMT" skipped="0" hostname="Vijay" errors="0">
  <testcase name="testA" time="0.015" classname="qsp.Demo3"/>
</testsuite> <!-- qsp.Demo3 -->
