<?xml version="1.0" encoding="UTF-8"?>
<!-- Generated by org.testng.reporters.JUnitReportReporter -->
<testsuite name="qsp.Demo1" tests="1" time="0.009" ignored="0" failures="0" timestamp="08 Apr 2017 06:14:07 GMT" skipped="0" hostname="Vijay" errors="0">
  <testcase name="m9" time="0.009" classname="qsp.Demo1"/>
</testsuite> <!-- qsp.Demo1 -->
